<?xml version="1.0" encoding="UTF-8"?>
<!-- Generated by org.testng.reporters.JUnitReportReporter -->
<testsuite hostname="Suyogs-MacBook-Pro.local" name="org.suyog.appium.yatraApp.tests.SearchFlightFlowTest" tests="1" failures="0" timestamp="10 May 2016 19:42:40 GMT" time="55.858" errors="0">
  <testcase name="SearchFlightFlow_VerifyFromToOnHeader" time="55.858" classname="org.suyog.appium.yatraApp.tests.SearchFlightFlowTest"/>
</testsuite> <!-- org.suyog.appium.yatraApp.tests.SearchFlightFlowTest -->
