<?xml version="1.0" encoding="UTF-8"?>
<!-- Generated by org.testng.reporters.JUnitReportReporter -->
<testsuite hostname="Suyogs-MacBook-Pro.local" name="org.suyog.appium.yatra.tests.SimpleAndroidCalcTest" tests="1" failures="0" timestamp="12 Mar 2016 14:27:15 GMT" time="56.575" errors="0">
  <testcase name="Sum" time="56.575" classname="org.suyog.appium.yatra.tests.SimpleAndroidCalcTest"/>
</testsuite> <!-- org.suyog.appium.yatra.tests.SimpleAndroidCalcTest -->
