<?xml version="1.0" encoding="UTF-8"?>
<!-- Generated by org.testng.reporters.JUnitReportReporter -->
<testsuite hostname="Suyogs-MacBook-Pro.local" name="org.suyog.appium.amazonApp.tests.LoginScenarioTests" tests="1" failures="0" timestamp="10 May 2016 20:56:49 GMT" time="10.007" errors="0">
  <testcase name="SearchFlightFlow_VerifyFromToOnHeader" time="10.007" classname="org.suyog.appium.amazonApp.tests.LoginScenarioTests"/>
</testsuite> <!-- org.suyog.appium.amazonApp.tests.LoginScenarioTests -->
